[2025-05-25 12:18:27,999: INFO: main: Welcome to our custom log]
[2025-05-28 02:35:21,936: INFO: main: >>>>>> stage Data Ingestion stage started <<<<<<]
[2025-05-28 02:35:22,033: INFO: common: yaml file: config\config.yaml loaded successfully]
[2025-05-28 02:35:22,363: INFO: common: yaml file: params.yaml loaded successfully]
[2025-05-28 02:35:22,389: INFO: common: created directory at: artifacts]
[2025-05-28 02:35:22,446: INFO: common: created directory at: artifacts/data_ingestion]
[2025-05-28 02:35:22,448: INFO: data_ingestion: Downloading data from https://drive.google.com/file/d/1pswnLu_owCguBLRfR9gwswI8O0AzqLJ5/view?usp=sharing into file artifacts/data_ingestion/data.zip]
[2025-05-28 02:57:29,768: INFO: data_ingestion: Download data from https://drive.google.com/file/d/1pswnLu_owCguBLRfR9gwswI8O0AzqLJ5/view?usp=sharing into file artifacts/data_ingestion/data.zip]
[2025-05-28 03:01:29,532: INFO: main: >>>>>> stage Data Ingestion stage completed <<<<<<

x============x]
[2025-05-29 01:08:44,518: INFO: common: yaml file: config\config.yaml loaded successfully]
[2025-05-29 01:08:51,380: INFO: common: yaml file: params.yaml loaded successfully]
[2025-05-29 01:08:53,084: INFO: common: created directory at: artifacts]
[2025-05-29 01:08:53,161: INFO: common: created directory at: artifacts/prepare_base_model]
[2025-05-29 01:12:04,277: WARNING: saving_utils: Compiled the loaded model, but the compiled metrics have yet to be built. `model.compile_metrics` will be empty until you train or evaluate the model.]
[2025-05-29 01:19:06,642: INFO: common: yaml file: config\config.yaml loaded successfully]
[2025-05-29 01:19:07,019: INFO: common: yaml file: params.yaml loaded successfully]
[2025-05-29 01:19:07,317: INFO: common: created directory at: artifacts]
[2025-05-29 01:19:07,320: INFO: common: created directory at: artifacts/prepare_base_model]
[2025-05-29 01:19:21,184: WARNING: saving_utils: Compiled the loaded model, but the compiled metrics have yet to be built. `model.compile_metrics` will be empty until you train or evaluate the model.]
[2025-05-29 02:16:56,628: INFO: common: yaml file: config\config.yaml loaded successfully]
[2025-05-29 02:17:05,048: INFO: common: yaml file: params.yaml loaded successfully]
[2025-05-29 02:17:06,972: INFO: common: created directory at: artifacts]
[2025-05-29 02:17:07,834: INFO: common: created directory at: artifacts/prepare_base_model]
[2025-05-29 02:20:07,566: WARNING: saving_utils: Compiled the loaded model, but the compiled metrics have yet to be built. `model.compile_metrics` will be empty until you train or evaluate the model.]
[2025-05-29 04:21:10,584: INFO: main: >>>>>> stage Data Ingestion stage started <<<<<<]
[2025-05-29 04:21:10,765: INFO: common: yaml file: config\config.yaml loaded successfully]
[2025-05-29 04:21:10,872: INFO: common: yaml file: params.yaml loaded successfully]
[2025-05-29 04:21:10,916: INFO: common: created directory at: artifacts]
[2025-05-29 04:21:10,919: INFO: common: created directory at: artifacts/data_ingestion]
[2025-05-29 04:21:10,920: INFO: data_ingestion: Downloading data from https://drive.google.com/file/d/1pswnLu_owCguBLRfR9gwswI8O0AzqLJ5/view?usp=sharing into file artifacts/data_ingestion/data.zip]
[2025-05-29 04:34:01,693: INFO: data_ingestion: Download data from https://drive.google.com/file/d/1pswnLu_owCguBLRfR9gwswI8O0AzqLJ5/view?usp=sharing into file artifacts/data_ingestion/data.zip]
[2025-05-29 04:40:27,693: INFO: main: >>>>>> stage Data Ingestion stage completed <<<<<<

x============x]
[2025-05-29 04:40:27,693: INFO: main: ***************************]
[2025-05-29 04:40:27,724: INFO: main: >>>>>>>>>>>>>> stage Prepare base model started <<<<<<<<<<<<<<<<<<<<<]
[2025-05-29 04:40:28,037: INFO: common: yaml file: config\config.yaml loaded successfully]
[2025-05-29 04:40:28,146: INFO: common: yaml file: params.yaml loaded successfully]
[2025-05-29 04:40:28,255: INFO: common: created directory at: artifacts]
[2025-05-29 04:40:28,271: INFO: common: created directory at: artifacts/prepare_base_model]
[2025-05-29 04:41:10,838: WARNING: saving_utils: Compiled the loaded model, but the compiled metrics have yet to be built. `model.compile_metrics` will be empty until you train or evaluate the model.]
[2025-05-29 04:41:16,571: INFO: main: >>>>>>>>>>>>>>>>>>> stage Prepare base model completed <<<<<<<<<<<<<<<<<<<

x=======================x]
